Base path: 'D:/Unity/Editor/Data', plugins path 'D:/Unity/Editor/Data/PlaybackEngines'
Cmd: initializeCompiler
Cmd: compileComputeKernel
  api=4 insize=12109 outsize=1840 ok=1
Cmd: compileComputeKernel
  api=4 insize=11985 outsize=1465 ok=1
Cmd: compileComputeKernel
  api=4 insize=11985 outsize=1620 ok=1
Cmd: compileComputeKernel
  api=4 insize=11985 outsize=1611 ok=1
Cmd: compileComputeKernel
  api=4 insize=18301 outsize=2213 ok=1
Cmd: compileComputeKernel
  api=4 insize=18301 outsize=5661 ok=1
Cmd: compileComputeKernel
  api=4 insize=66874 outsize=3099 ok=1
Cmd: compileComputeKernel
  api=4 insize=66874 outsize=2077 ok=1
Cmd: compileComputeKernel
  api=4 insize=66874 outsize=3335 ok=1
Cmd: compileComputeKernel
  api=4 insize=66874 outsize=1631 ok=1
Cmd: compileComputeKernel
  api=4 insize=66874 outsize=1465 ok=1
Cmd: compileComputeKernel
  api=4 insize=66874 outsize=1311 ok=1
Cmd: compileComputeKernel
  api=4 insize=66874 outsize=1823 ok=1
Cmd: compileComputeKernel
  api=4 insize=66874 outsize=1819 ok=1
Cmd: compileComputeKernel
  api=4 insize=66874 outsize=1853 ok=1
Cmd: compileComputeKernel
  api=4 insize=66874 outsize=1341 ok=1
Cmd: compileComputeKernel
  api=4 insize=66874 outsize=3544 ok=1
Cmd: compileComputeKernel
  api=4 insize=66874 outsize=921 ok=1
Cmd: compileComputeKernel
  api=4 insize=72903 outsize=5015 ok=1
Cmd: compileComputeKernel
  api=4 insize=34089 outsize=769 ok=1
Cmd: compileComputeKernel
  api=4 insize=34089 outsize=937 ok=1
Cmd: compileComputeKernel
  api=4 insize=34089 outsize=848 ok=1
Cmd: compileComputeKernel
  api=4 insize=34089 outsize=677 ok=1
Cmd: compileComputeKernel
  api=4 insize=34089 outsize=872 ok=1
Cmd: compileComputeKernel
  api=4 insize=34089 outsize=1861 ok=1
Cmd: compileComputeKernel
  api=4 insize=34089 outsize=1306 ok=1
Cmd: compileComputeKernel
  api=4 insize=34089 outsize=1336 ok=1
Cmd: compileComputeKernel
  api=4 insize=34089 outsize=1369 ok=1
Cmd: compileComputeKernel
  api=4 insize=79248 outsize=14204 ok=1
Cmd: compileComputeKernel
  api=4 insize=79248 outsize=3725 ok=1
Cmd: compileComputeKernel
  api=4 insize=79248 outsize=1905 ok=1
Cmd: compileComputeKernel
  api=4 insize=79248 outsize=12876 ok=1
Cmd: compileComputeKernel
  api=4 insize=4442 outsize=1684 ok=1

Quitting shader compiler process
